<?xml version="1.0" encoding="UTF-8"?>
<coverage line-rate="1" branch-rate="0" lines-covered="6" lines-valid="6" branches-covered="0" branches-valid="0" complexity="0" version="3.3.0" timestamp="2019-11-01 16:52:49">
  <sources/>
  <packages>
    <package name="examplepkg" line-rate="1" branch-rate="0" complexity="0">
      <classes>
        <class name="my-functions.R" filename="R/my-functions.R" line-rate="1" branch-rate="0" complexity="0">
          <methods>
            <method name="header" signature="" line-rate="1" branch-rate="0">
              <lines>
                <line number="6" hits="2" branch="false"/>
              </lines>
            </method>
            <method name="filter" signature="" line-rate="1" branch-rate="0">
              <lines>
                <line number="15" hits="2" branch="false"/>
                <line number="16" hits="2" branch="false"/>
                <line number="17" hits="2" branch="false"/>
              </lines>
            </method>
            <method name="summarize" signature="" line-rate="1" branch-rate="0">
              <lines>
                <line number="27" hits="1" branch="false"/>
                <line number="28" hits="1" branch="false"/>
              </lines>
            </method>
          </methods>
          <lines>
            <line number="6" hits="2" branch="false"/>
            <line number="15" hits="2" branch="false"/>
            <line number="16" hits="2" branch="false"/>
            <line number="17" hits="2" branch="false"/>
            <line number="27" hits="1" branch="false"/>
            <line number="28" hits="1" branch="false"/>
          </lines>
        </class>
      </classes>
    </package>
  </packages>
</coverage>
